/Users/pranavbalaji/Documents/Personal CS Projects/Berkley Hackathon/localbrain/electron/backend/src/daemon.py:150: DeprecationWarning: 
        on_event is deprecated, use lifespan event handlers instead.

        Read more about it in the
        [FastAPI docs for Lifespan Events](https://fastapi.tiangolo.com/advanced/events/).
        
  @app.on_event("startup")
2025-10-25 18:18:28,354 - localbrain-daemon - INFO - ============================================================
2025-10-25 18:18:28,354 - localbrain-daemon - INFO - LocalBrain Background Daemon Starting...
2025-10-25 18:18:28,354 - localbrain-daemon - INFO - ============================================================
2025-10-25 18:18:28,354 - localbrain-daemon - INFO - Vault: /Users/pranavbalaji/Documents/Personal CS Projects/Berkley Hackathon/localbrain/my-vault
2025-10-25 18:18:28,354 - localbrain-daemon - INFO - Port: 8765
2025-10-25 18:18:28,354 - localbrain-daemon - INFO - Protocol: localbrain://
2025-10-25 18:18:28,354 - localbrain-daemon - INFO - 
2025-10-25 18:18:28,354 - localbrain-daemon - INFO - Available endpoints:
2025-10-25 18:18:28,354 - localbrain-daemon - INFO -   POST /protocol/ingest - Ingest content
2025-10-25 18:18:28,354 - localbrain-daemon - INFO -   POST /protocol/search - Natural language search
2025-10-25 18:18:28,354 - localbrain-daemon - INFO -   GET  /file/<path>      - Get file contents
2025-10-25 18:18:28,355 - localbrain-daemon - INFO -   GET  /list/<path>      - List directory
2025-10-25 18:18:28,355 - localbrain-daemon - INFO - 
2025-10-25 18:18:28,355 - localbrain-daemon - INFO - Gmail Connector:
2025-10-25 18:18:28,355 - localbrain-daemon - INFO -   POST /connectors/gmail/auth/start    - Start OAuth
2025-10-25 18:18:28,355 - localbrain-daemon - INFO -   GET  /connectors/gmail/auth/callback - OAuth callback
2025-10-25 18:18:28,355 - localbrain-daemon - INFO -   POST /connectors/gmail/auth/revoke   - Disconnect Gmail
2025-10-25 18:18:28,355 - localbrain-daemon - INFO -   GET  /connectors/gmail/status        - Connection status
2025-10-25 18:18:28,355 - localbrain-daemon - INFO -   POST /connectors/gmail/sync          - Sync & ingest emails
2025-10-25 18:18:28,355 - localbrain-daemon - INFO -   GET  /connectors/gmail/emails/recent - Fetch recent emails
2025-10-25 18:18:28,355 - localbrain-daemon - INFO - 
2025-10-25 18:18:28,355 - localbrain-daemon - INFO - Google Calendar Connector:
2025-10-25 18:18:28,355 - localbrain-daemon - INFO -   POST /connectors/calendar/auth/start      - Start OAuth
2025-10-25 18:18:28,355 - localbrain-daemon - INFO -   GET  /connectors/calendar/auth/callback   - OAuth callback
2025-10-25 18:18:28,355 - localbrain-daemon - INFO -   POST /connectors/calendar/auth/revoke     - Disconnect Calendar
2025-10-25 18:18:28,355 - localbrain-daemon - INFO -   GET  /connectors/calendar/status          - Connection status
2025-10-25 18:18:28,355 - localbrain-daemon - INFO -   POST /connectors/calendar/sync            - Sync & ingest events
2025-10-25 18:18:28,355 - localbrain-daemon - INFO -   GET  /connectors/calendar/events/upcoming - Fetch upcoming events
2025-10-25 18:18:28,355 - localbrain-daemon - INFO - 
2025-10-25 18:18:28,355 - localbrain-daemon - INFO - 
2025-10-25 18:18:28,355 - localbrain-daemon - INFO - Service running. Press Ctrl+C to stop.
2025-10-25 18:18:28,355 - localbrain-daemon - INFO - ============================================================
INFO:     Started server process [67083]
INFO:     Waiting for application startup.
2025-10-25 18:18:28,365 - localbrain-daemon - INFO - 📅 Auto-sync task started (runs every 10 minutes)
INFO:     Application startup complete.
INFO:     Uvicorn running on http://127.0.0.1:8765 (Press CTRL+C to quit)
✅ Discovered connector: Google Calendar (calendar)
✅ Discovered connector: Gmail (gmail)
INFO:     127.0.0.1:49590 - "GET /health HTTP/1.1" 200 OK
2025-10-25 18:19:28,366 - localbrain-daemon - INFO - 🔄 Auto-sync: Checking all connectors...
INFO:     Shutting down
INFO:     Waiting for application shutdown.
INFO:     Application shutdown complete.
INFO:     Finished server process [67083]
